<?xml version="1.0" encoding="UTF-8" ?>
<testsuite errors="0" failures="0" hostname="TPDev01" name="tests.HelloWorldTest" tests="3" time="0.03" timestamp="2014-08-06T10:01:57">
  <properties>
[...]
</properties>
  <testcase classname="tests.HelloWorldTest" name="testSayHello" time="0.0" />
  <testcase classname="tests.HelloWorldTest" name="testGetName" time="0.0" />
  <testcase classname="tests.HelloWorldTest" name="testSetName" time="0.0" />
  <system-out><![CDATA[Hello myName!
]]></system-out>
  <system-err><![CDATA[]]></system-err>
</testsuite>
